==============================================================================
Suites                                                                        
==============================================================================
Suites.Dropdown                                                               
==============================================================================
TestingRadioBox                                                         
  Traceback (most recent call last):
    ~~~~~~~~~~~~~~~~~~~~~~~~~~~~~~~~~~~~~~~~~~~~~~~~~~~~~~~~~~~~~~~~~~~~~~~~~~
    File  C:\Users\onagi\OneDrive\Documents\Automation_Test_project\TestCases\dropdown.robot:9
    T:  TestingRadioBox    
    ~~~~~~~~~~~~~~~~~~~~~~~~~~~~~~~~~~~~~~~~~~~~~~~~~~~~~~~~~~~~~~~~~~~~~~~~~~
    File  C:\Users\onagi\OneDrive\Documents\Automation_Test_project\TestCases\dropdown.robot:13
      Select From List By Value    carselect    benz
______________________________________________________________________________
| FAIL |
TypeError: 'NoneType' object is not iterable
------------------------------------------------------------------------------
Suites.Dropdown                                                       | FAIL |
1 test, 0 passed, 1 failed
==============================================================================
Suites                                                                | FAIL |
1 test, 0 passed, 1 failed
==============================================================================
Output:  C:\Users\onagi\OneDrive\Documents\Automation_Test_project\pabot_results\2\output.xml
