==============================================================================
Suites                                                                        
==============================================================================
Suites.Scrolling                                                              
==============================================================================
Scorlling test                                                        293

Population





























































W
A
B
C
D
E
F
G
H
I
J
K
L
M
N
O
P
Q
R
S
T
U
V
W
  
  Traceback (most recent call last):
    ~~~~~~~~~~~~~~~~~~~~~~~~~~~~~~~~~~~~~~~~~~~~~~~~~~~~~~~~~~~~~~~~~~~~~~~~~~
    File  C:\Users\onagi\OneDrive\Documents\Automation_Test_project\TestCases\Scrolling.robot:5
    T:  Scorlling test    
    ~~~~~~~~~~~~~~~~~~~~~~~~~~~~~~~~~~~~~~~~~~~~~~~~~~~~~~~~~~~~~~~~~~~~~~~~~~
    File  C:\Users\onagi\OneDrive\Documents\Automation_Test_project\TestCases\Scrolling.robot:18
      ${i}    IN RANGE    1    ${count}    
    ~~~~~~~~~~~~~~~~~~~~~~~~~~~~~~~~~~~~~~~~~~~~~~~~~~~~~~~~~~~~~~~~~~~~~~~~~~
    File  C:\Users\onagi\OneDrive\Documents\Automation_Test_project\TestCases\Scrolling.robot:18
      ${i} = 88    
    ~~~~~~~~~~~~~~~~~~~~~~~~~~~~~~~~~~~~~~~~~~~~~~~~~~~~~~~~~~~~~~~~~~~~~~~~~~
    File  C:\Users\onagi\OneDrive\Documents\Automation_Test_project\TestCases\Scrolling.robot:19
      Get Text    xpath=(//a)[${i}]
      |  xpath=(//a)[${i}] = xpath=(//a)[88] (str)
______________________________________________________________________________
| FAIL |
Element with locator 'xpath=(//a)[88]' not found.
------------------------------------------------------------------------------
Suites.Scrolling                                                      | FAIL |
1 test, 0 passed, 1 failed
==============================================================================
Suites                                                                | FAIL |
1 test, 0 passed, 1 failed
==============================================================================
Output:  C:\Users\onagi\OneDrive\Documents\Automation_Test_project\pabot_results\10\output.xml
