==============================================================================
Suites                                                                        
==============================================================================
Suites.RadioButtons                                                           
==============================================================================
TestingRadioBox                                                         
  Traceback (most recent call last):
    ~~~~~~~~~~~~~~~~~~~~~~~~~~~~~~~~~~~~~~~~~~~~~~~~~~~~~~~~~~~~~~~~~~~~~~~~~~
    File  C:\Users\onagi\OneDrive\Documents\Automation_Test_project\TestCases\RadioButtons.robot:10
    T:  TestingRadioBox    
    ~~~~~~~~~~~~~~~~~~~~~~~~~~~~~~~~~~~~~~~~~~~~~~~~~~~~~~~~~~~~~~~~~~~~~~~~~~
    File  C:\Users\onagi\OneDrive\Documents\Automation_Test_project\TestCases\RadioButtons.robot:15
      Select Checkbox    benz
______________________________________________________________________________
| FAIL |
InvalidSessionIdException: Message: invalid session id: session deleted as the browser has closed the connection
from disconnected: not connected to DevTools
  (Session info: chrome=140.0.7339.187); For documentation on this error, please visit: https://www.selenium.dev/documentation/webdriver/troubleshooting/errors#invalidsessionidexception
Stacktrace:
	GetHandleVerifier [0x0x7ff66575fc95+79861]
	GetHandleVerifier [0x0x7ff66575fcf0+79952]
	(No symbol) [0x0x7ff6654dcada]
	(No symbol) [0x0x7ff6654c8995]
	(No symbol) [0x0x7ff6654edbda]
	(No symbol) [0x0x7ff665564346]
	(No symbol) [0x0x7ff6655848c2]
	(No symbol) [0x0x7ff66555c8b3]
	(No symbol) [0x0x7ff665525272]
	(No symbol) [0x0x7ff665526043]
	GetHandleVerifier [0x0x7ff665a1b9cd+2946349]
	GetHandleVerifier [0x0x7ff665a15c4a+2922410]
	GetHandleVerifier [0x0x7ff665a359d7+3052855]
	GetHandleVerifier [0x0x7ff66577aa7e+189918]
	GetHandleVerifier [0x0x7ff665782a1f+222591]
	GetHandleVerifier [0x0x7ff665768ab4+116244]
	GetHandleVerifier [0x0x7ff665768c69+116681]
	GetHandleVerifier [0x0x7ff66574f048+11176]
	BaseThreadInitThunk [0x0x7ffd1387e8d7+23]
	RtlUserThreadStart [0x0x7ffd13b68d9c+44]
------------------------------------------------------------------------------
Suites.RadioButtons                                                   | FAIL |
1 test, 0 passed, 1 failed
==============================================================================
Suites                                                                | FAIL |
1 test, 0 passed, 1 failed
==============================================================================
Output:  C:\Users\onagi\OneDrive\Documents\Automation_Test_project\pabot_results\7\output.xml
